7-Zip-JBinding build configuration on Windows:

- Source dir: D:\Coding\SevenZipJBinding\SevenZipJBinding
- Build dir:  D:\Coding\SevenZipJBinding\SevenZipJBinding.Release64
- Java JDK:   C:/Program Files/Java/jdk1.5.0_22
- MinGW home: D:/Coding/x86_64-6.2.0-release-win32-sjlj-rt_v5-rev1


Executing 'cmake' and then 'make'...


-- The C compiler identification is GNU 6.2.0
-- The CXX compiler identification is GNU 6.2.0
-- Check for working C compiler: D:/Coding/x86_64-6.2.0-release-win32-sjlj-rt_v5-rev1/bin/gcc.exe
-- Check for working C compiler: D:/Coding/x86_64-6.2.0-release-win32-sjlj-rt_v5-rev1/bin/gcc.exe -- works
-- Detecting C compiler ABI info
-- Detecting C compiler ABI info - done
-- Detecting C compile features
-- Detecting C compile features - done
-- Check for working CXX compiler: D:/Coding/x86_64-6.2.0-release-win32-sjlj-rt_v5-rev1/bin/g++.exe
-- Check for working CXX compiler: D:/Coding/x86_64-6.2.0-release-win32-sjlj-rt_v5-rev1/bin/g++.exe -- works
-- Detecting CXX compiler ABI info
-- Detecting CXX compiler ABI info - done
-- Detecting CXX compile features
-- Detecting CXX compile features - done
-- Looking for java JNI jni.h include path
-- Looking for java JNI jni.h include path - found: C:/Program Files/Java/jdk1.5.0_22/include
-- Looking for java JNI jni_md.h include path
-- Looking for java JNI jni_md.h include path - found: C:/Program Files/Java/jdk1.5.0_22/include/win32
-- Looking for java compiler 'javac'
-- Looking for java compiler 'javac' - found: C:/Program Files/Java/jdk1.5.0_22/bin/javac.exe
-- Looking for java header compiler 'javah'
-- Looking for java header compiler 'javah' - found: C:/Program Files/Java/jdk1.5.0_22/bin/javah.exe
-- Looking for java API Documentation Generator 'javadoc'
-- Looking for java API Documentation Generator 'javadoc' - found: C:/Program Files/Java/jdk1.5.0_22/bin/javadoc.exe
-- Looking for java VM 'java'
-- Looking for java VM 'java' - found: C:/Program Files/Java/jdk1.5.0_22/bin/java.exe
-- Looking for java archiver 'jar'
-- Looking for java archiver 'jar' - found: C:/Program Files/Java/jdk1.5.0_22/bin/jar.exe
-- Checking java compile
-- Checking java compile - ok
-- Checking java system properties
-- Checking java compile - ok (arch: amd64, system: Windows)
-- Compiling on windows (MinGW)
CMake Warning (dev) at CMakeLists.txt:156 (GET_TARGET_PROPERTY):
  Policy CMP0026 is not set: Disallow use of the LOCATION target property.
  Run "cmake --help-policy CMP0026" for policy details.  Use the cmake_policy
  command to set the policy and suppress this warning.

  The LOCATION property should not be read from target "7-Zip-JBinding".  Use
  the target name directly with add_custom_command, or use the generator
  expression $<TARGET_FILE>, as appropriate.

This warning is for project developers.  Use -Wno-dev to suppress it.


Build type: Release, platform: Windows-amd64

Java VM: C:/Program Files/Java/jdk1.5.0_22/bin/java.exe
Java compiler: C:/Program Files/Java/jdk1.5.0_22/bin/javac.exe
Java header compiler: C:/Program Files/Java/jdk1.5.0_22/bin/javah.exe
Java documentation tool: C:/Program Files/Java/jdk1.5.0_22/bin/javadoc.exe
Java archiver: C:/Program Files/Java/jdk1.5.0_22/bin/jar.exe
MinGW: Yes
MinGW-32: No
MinGW-64: Yes
APPLE: 
Output package: ./sevenzipjbinding-15.09-2.01beta-Windows-amd64.zip


Type 'mingw32-make' to compile
Type 'ctest' to run tests (it could take up to 90 minutes on a slow CPU)
Type 'mingw32-make package' to build a distribution package

-- Prepare for testing
-- Configuring done
-- Generating done
-- Build files have been written to: D:/Coding/SevenZipJBinding/SevenZipJBinding.Release64
Scanning dependencies of target sevenzipjbinding-jar
[  0%] core
[  1%] target
[  1%] Built target sevenzipjbinding-jar
[  1%] javah: generating h-files from java classes net.sf.sevenzipjbinding.SevenZip;net.sf.sevenzipjbinding.impl.InArchiveImpl;net.sf.sevenzipjbinding.impl.OutArchiveImpl
Scanning dependencies of target 7-Zip-JBinding
[  1%] Building CXX object jbinding-cpp/CMakeFiles/7-Zip-JBinding.dir/Debug.cpp.obj
[  2%] Building CXX object jbinding-cpp/CMakeFiles/7-Zip-JBinding.dir/JNITools.cpp.obj
[  2%] Building CXX object jbinding-cpp/CMakeFiles/7-Zip-JBinding.dir/JavaStaticInfo.cpp.obj
[  2%] Building CXX object jbinding-cpp/CMakeFiles/7-Zip-JBinding.dir/SevenZipJBinding.cpp.obj
[  3%] Building CXX object jbinding-cpp/CMakeFiles/7-Zip-JBinding.dir/UniversalArchiveOpenCallback.cpp.obj
[  3%] Building CXX object jbinding-cpp/CMakeFiles/7-Zip-JBinding.dir/UserTrace.cpp.obj
[  4%] Building CXX object jbinding-cpp/CMakeFiles/7-Zip-JBinding.dir/CodecTools.cpp.obj
[  4%] Building CXX object jbinding-cpp/CMakeFiles/7-Zip-JBinding.dir/JBindingTools.cpp.obj
[  4%] Building CXX object jbinding-cpp/CMakeFiles/7-Zip-JBinding.dir/JavaToCPP/JavaToCPPSevenZip.cpp.obj
[  5%] Building CXX object jbinding-cpp/CMakeFiles/7-Zip-JBinding.dir/JavaToCPP/JavaToCPPInArchiveImpl.cpp.obj
[  5%] Building CXX object jbinding-cpp/CMakeFiles/7-Zip-JBinding.dir/JavaToCPP/JavaToCPPOutArchiveImpl.cpp.obj
[  5%] Building CXX object jbinding-cpp/CMakeFiles/7-Zip-JBinding.dir/CPPToJava/CPPToJavaArchiveExtractCallback.cpp.obj
[  6%] Building CXX object jbinding-cpp/CMakeFiles/7-Zip-JBinding.dir/CPPToJava/CPPToJavaArchiveOpenCallback.cpp.obj
[  6%] Building CXX object jbinding-cpp/CMakeFiles/7-Zip-JBinding.dir/CPPToJava/CPPToJavaArchiveOpenVolumeCallback.cpp.obj
[  7%] Building CXX object jbinding-cpp/CMakeFiles/7-Zip-JBinding.dir/CPPToJava/CPPToJavaCryptoGetTextPassword.cpp.obj
[  7%] Building CXX object jbinding-cpp/CMakeFiles/7-Zip-JBinding.dir/CPPToJava/CPPToJavaInStream.cpp.obj
[  7%] Building CXX object jbinding-cpp/CMakeFiles/7-Zip-JBinding.dir/CPPToJava/CPPToJavaOutStream.cpp.obj
[  8%] Building CXX object jbinding-cpp/CMakeFiles/7-Zip-JBinding.dir/CPPToJava/CPPToJavaProgress.cpp.obj
[  8%] Building CXX object jbinding-cpp/CMakeFiles/7-Zip-JBinding.dir/CPPToJava/CPPToJavaSequentialInStream.cpp.obj
[  9%] Building CXX object jbinding-cpp/CMakeFiles/7-Zip-JBinding.dir/CPPToJava/CPPToJavaSequentialOutStream.cpp.obj
[  9%] Building CXX object jbinding-cpp/CMakeFiles/7-Zip-JBinding.dir/CPPToJava/CPPToJavaArchiveUpdateCallback.cpp.obj
[  9%] Building CXX object jbinding-cpp/CMakeFiles/7-Zip-JBinding.dir/__/test/CTests/JniToolsTest.cpp.obj
[ 10%] Building CXX object jbinding-cpp/CMakeFiles/7-Zip-JBinding.dir/__/test/CTests/JBindingTest.cpp.obj
[ 10%] Building CXX object jbinding-cpp/CMakeFiles/7-Zip-JBinding.dir/__/test/CTests/EnumTest.cpp.obj
[ 10%] Building CXX object jbinding-cpp/CMakeFiles/7-Zip-JBinding.dir/__/7zip/CPP/Common/CommandLineParser.cpp.obj
[ 11%] Building CXX object jbinding-cpp/CMakeFiles/7-Zip-JBinding.dir/__/7zip/CPP/Common/CRC.cpp.obj
[ 11%] Building CXX object jbinding-cpp/CMakeFiles/7-Zip-JBinding.dir/__/7zip/CPP/Common/IntToString.cpp.obj
[ 12%] Building CXX object jbinding-cpp/CMakeFiles/7-Zip-JBinding.dir/__/7zip/CPP/Common/ListFileUtils.cpp.obj
[ 12%] Building CXX object jbinding-cpp/CMakeFiles/7-Zip-JBinding.dir/__/7zip/CPP/Common/MyString.cpp.obj
[ 12%] Building CXX object jbinding-cpp/CMakeFiles/7-Zip-JBinding.dir/__/7zip/CPP/Common/MyWindows.cpp.obj
[ 13%] Building CXX object jbinding-cpp/CMakeFiles/7-Zip-JBinding.dir/__/7zip/CPP/Common/StringConvert.cpp.obj
[ 13%] Building CXX object jbinding-cpp/CMakeFiles/7-Zip-JBinding.dir/__/7zip/CPP/Common/StringToInt.cpp.obj
[ 14%] Building CXX object jbinding-cpp/CMakeFiles/7-Zip-JBinding.dir/__/7zip/CPP/Common/UTFConvert.cpp.obj
[ 14%] Building CXX object jbinding-cpp/CMakeFiles/7-Zip-JBinding.dir/__/7zip/CPP/Common/MyVector.cpp.obj
[ 14%] Building CXX object jbinding-cpp/CMakeFiles/7-Zip-JBinding.dir/__/7zip/CPP/Common/MyMap.cpp.obj
[ 15%] Building CXX object jbinding-cpp/CMakeFiles/7-Zip-JBinding.dir/__/7zip/CPP/Common/MyXml.cpp.obj
[ 15%] Building CXX object jbinding-cpp/CMakeFiles/7-Zip-JBinding.dir/__/7zip/CPP/Common/Wildcard.cpp.obj
[ 15%] Building CXX object jbinding-cpp/CMakeFiles/7-Zip-JBinding.dir/__/7zip/CPP/Windows/FileDir.cpp.obj
[ 16%] Building CXX object jbinding-cpp/CMakeFiles/7-Zip-JBinding.dir/__/7zip/CPP/Windows/FileFind.cpp.obj
D:\Coding\SevenZipJBinding\SevenZipJBinding\7zip\CPP\Windows\FileFind.cpp:38:39: warning: 'dllimport' attribute ignored [-Wattributes]
     LPVOID findStreamData, DWORD flags);
                                       ^
D:\Coding\SevenZipJBinding\SevenZipJBinding\7zip\CPP\Windows\FileFind.cpp:40:97: warning: 'dllimport' attribute ignored [-Wattributes]
 typedef WINBASEAPI BOOL (APIENTRY *FindNextStreamW_Ptr)(HANDLE findStream, LPVOID findStreamData);
                                                                                                 ^
[ 16%] Building CXX object jbinding-cpp/CMakeFiles/7-Zip-JBinding.dir/__/7zip/CPP/Windows/FileIO.cpp.obj
[ 17%] Building CXX object jbinding-cpp/CMakeFiles/7-Zip-JBinding.dir/__/7zip/CPP/Windows/FileName.cpp.obj
[ 17%] Building CXX object jbinding-cpp/CMakeFiles/7-Zip-JBinding.dir/__/7zip/CPP/Windows/PropVariant.cpp.obj
[ 17%] Building CXX object jbinding-cpp/CMakeFiles/7-Zip-JBinding.dir/__/7zip/CPP/Windows/PropVariantConv.cpp.obj
[ 18%] Building CXX object jbinding-cpp/CMakeFiles/7-Zip-JBinding.dir/__/7zip/CPP/Windows/PropVariantUtils.cpp.obj
[ 18%] Building CXX object jbinding-cpp/CMakeFiles/7-Zip-JBinding.dir/__/7zip/CPP/Windows/Synchronization.cpp.obj
[ 19%] Building CXX object jbinding-cpp/CMakeFiles/7-Zip-JBinding.dir/__/7zip/CPP/Windows/System.cpp.obj
[ 19%] Building CXX object jbinding-cpp/CMakeFiles/7-Zip-JBinding.dir/__/7zip/CPP/Windows/TimeUtils.cpp.obj
[ 19%] Building CXX object jbinding-cpp/CMakeFiles/7-Zip-JBinding.dir/__/7zip/CPP/7zip/Common/CreateCoder.cpp.obj
[ 20%] Building CXX object jbinding-cpp/CMakeFiles/7-Zip-JBinding.dir/__/7zip/CPP/7zip/Common/CWrappers.cpp.obj
[ 20%] Building CXX object jbinding-cpp/CMakeFiles/7-Zip-JBinding.dir/__/7zip/CPP/7zip/Common/FilePathAutoRename.cpp.obj
[ 20%] Building CXX object jbinding-cpp/CMakeFiles/7-Zip-JBinding.dir/__/7zip/CPP/7zip/Common/FileStreams.cpp.obj
[ 21%] Building CXX object jbinding-cpp/CMakeFiles/7-Zip-JBinding.dir/__/7zip/CPP/7zip/Common/FilterCoder.cpp.obj
[ 21%] Building CXX object jbinding-cpp/CMakeFiles/7-Zip-JBinding.dir/__/7zip/CPP/7zip/Common/InBuffer.cpp.obj
[ 22%] Building CXX object jbinding-cpp/CMakeFiles/7-Zip-JBinding.dir/__/7zip/CPP/7zip/Common/InOutTempBuffer.cpp.obj
[ 22%] Building CXX object jbinding-cpp/CMakeFiles/7-Zip-JBinding.dir/__/7zip/CPP/7zip/Common/LimitedStreams.cpp.obj
[ 22%] Building CXX object jbinding-cpp/CMakeFiles/7-Zip-JBinding.dir/__/7zip/CPP/7zip/Common/MemBlocks.cpp.obj
[ 23%] Building CXX object jbinding-cpp/CMakeFiles/7-Zip-JBinding.dir/__/7zip/CPP/7zip/Common/MethodId.cpp.obj
[ 23%] Building CXX object jbinding-cpp/CMakeFiles/7-Zip-JBinding.dir/__/7zip/CPP/7zip/Common/MethodProps.cpp.obj
[ 23%] Building CXX object jbinding-cpp/CMakeFiles/7-Zip-JBinding.dir/__/7zip/CPP/7zip/Common/OffsetStream.cpp.obj
[ 24%] Building CXX object jbinding-cpp/CMakeFiles/7-Zip-JBinding.dir/__/7zip/CPP/7zip/Common/OutBuffer.cpp.obj
[ 24%] Building CXX object jbinding-cpp/CMakeFiles/7-Zip-JBinding.dir/__/7zip/CPP/7zip/Common/OutMemStream.cpp.obj
[ 25%] Building CXX object jbinding-cpp/CMakeFiles/7-Zip-JBinding.dir/__/7zip/CPP/7zip/Common/ProgressMt.cpp.obj
[ 25%] Building CXX object jbinding-cpp/CMakeFiles/7-Zip-JBinding.dir/__/7zip/CPP/7zip/Common/ProgressUtils.cpp.obj
[ 25%] Building CXX object jbinding-cpp/CMakeFiles/7-Zip-JBinding.dir/__/7zip/CPP/7zip/Common/PropId.cpp.obj
[ 26%] Building CXX object jbinding-cpp/CMakeFiles/7-Zip-JBinding.dir/__/7zip/CPP/7zip/Common/StreamBinder.cpp.obj
[ 26%] Building CXX object jbinding-cpp/CMakeFiles/7-Zip-JBinding.dir/__/7zip/CPP/7zip/Common/StreamObjects.cpp.obj
[ 27%] Building CXX object jbinding-cpp/CMakeFiles/7-Zip-JBinding.dir/__/7zip/CPP/7zip/Common/StreamUtils.cpp.obj
[ 27%] Building CXX object jbinding-cpp/CMakeFiles/7-Zip-JBinding.dir/__/7zip/CPP/7zip/Common/UniqBlocks.cpp.obj
[ 27%] Building CXX object jbinding-cpp/CMakeFiles/7-Zip-JBinding.dir/__/7zip/CPP/7zip/Common/VirtThread.cpp.obj
[ 28%] Building CXX object jbinding-cpp/CMakeFiles/7-Zip-JBinding.dir/__/7zip/CPP/7zip/UI/Common/LoadCodecs.cpp.obj
[ 28%] Building CXX object jbinding-cpp/CMakeFiles/7-Zip-JBinding.dir/__/7zip/CPP/7zip/UI/Common/PropIDUtils.cpp.obj
[ 28%] Building CXX object jbinding-cpp/CMakeFiles/7-Zip-JBinding.dir/__/7zip/CPP/7zip/UI/Console/ConsoleClose.cpp.obj
D:\Coding\SevenZipJBinding\SevenZipJBinding\7zip\CPP\7zip\UI\Console\ConsoleClose.cpp: In destructor 'virtual NConsoleClose::CCtrlHandlerSetter::~CCtrlHandlerSetter()':
D:\Coding\SevenZipJBinding\SevenZipJBinding\7zip\CPP\7zip\UI\Console\ConsoleClose.cpp:62:11: warning: throw will always call terminate() [-Wterminate]
     throw "SetConsoleCtrlHandler fails";
           ^~~~~~~~~~~~~~~~~~~~~~~~~~~~~
D:\Coding\SevenZipJBinding\SevenZipJBinding\7zip\CPP\7zip\UI\Console\ConsoleClose.cpp:62:11: note: in C++11 destructors default to noexcept
[ 29%] Building CXX object jbinding-cpp/CMakeFiles/7-Zip-JBinding.dir/__/7zip/CPP/7zip/Archive/ZHandler.cpp.obj
[ 29%] Building CXX object jbinding-cpp/CMakeFiles/7-Zip-JBinding.dir/__/7zip/CPP/7zip/Archive/Bz2Handler.cpp.obj
[ 30%] Building CXX object jbinding-cpp/CMakeFiles/7-Zip-JBinding.dir/__/7zip/CPP/7zip/Archive/DeflateProps.cpp.obj
[ 30%] Building CXX object jbinding-cpp/CMakeFiles/7-Zip-JBinding.dir/__/7zip/CPP/7zip/Archive/GzHandler.cpp.obj
[ 30%] Building CXX object jbinding-cpp/CMakeFiles/7-Zip-JBinding.dir/__/7zip/CPP/7zip/Archive/FatHandler.cpp.obj
[ 31%] Building CXX object jbinding-cpp/CMakeFiles/7-Zip-JBinding.dir/__/7zip/CPP/7zip/Archive/HandlerCont.cpp.obj
[ 31%] Building CXX object jbinding-cpp/CMakeFiles/7-Zip-JBinding.dir/__/7zip/CPP/7zip/Archive/LzmaHandler.cpp.obj
[ 32%] Building CXX object jbinding-cpp/CMakeFiles/7-Zip-JBinding.dir/__/7zip/CPP/7zip/Archive/NtfsHandler.cpp.obj
[ 32%] Building CXX object jbinding-cpp/CMakeFiles/7-Zip-JBinding.dir/__/7zip/CPP/7zip/Archive/PpmdHandler.cpp.obj
[ 32%] Building CXX object jbinding-cpp/CMakeFiles/7-Zip-JBinding.dir/__/7zip/CPP/7zip/Archive/SplitHandler.cpp.obj
[ 33%] Building CXX object jbinding-cpp/CMakeFiles/7-Zip-JBinding.dir/__/7zip/CPP/7zip/Archive/XzHandler.cpp.obj
[ 33%] Building CXX object jbinding-cpp/CMakeFiles/7-Zip-JBinding.dir/__/7zip/CPP/7zip/Archive/Common/CoderMixer2.cpp.obj
[ 33%] Building CXX object jbinding-cpp/CMakeFiles/7-Zip-JBinding.dir/__/7zip/CPP/7zip/Archive/Common/CrossThreadProgress.cpp.obj
[ 34%] Building CXX object jbinding-cpp/CMakeFiles/7-Zip-JBinding.dir/__/7zip/CPP/7zip/Archive/Common/DummyOutStream.cpp.obj
[ 34%] Building CXX object jbinding-cpp/CMakeFiles/7-Zip-JBinding.dir/__/7zip/CPP/7zip/Archive/Common/FindSignature.cpp.obj
[ 35%] Building CXX object jbinding-cpp/CMakeFiles/7-Zip-JBinding.dir/__/7zip/CPP/7zip/Archive/Common/HandlerOut.cpp.obj
[ 35%] Building CXX object jbinding-cpp/CMakeFiles/7-Zip-JBinding.dir/__/7zip/CPP/7zip/Archive/Common/InStreamWithCRC.cpp.obj
[ 35%] Building CXX object jbinding-cpp/CMakeFiles/7-Zip-JBinding.dir/__/7zip/CPP/7zip/Archive/Common/ItemNameUtils.cpp.obj
[ 36%] Building CXX object jbinding-cpp/CMakeFiles/7-Zip-JBinding.dir/__/7zip/CPP/7zip/Archive/Common/MultiStream.cpp.obj
[ 36%] Building CXX object jbinding-cpp/CMakeFiles/7-Zip-JBinding.dir/__/7zip/CPP/7zip/Archive/Common/OutStreamWithCRC.cpp.obj
[ 37%] Building CXX object jbinding-cpp/CMakeFiles/7-Zip-JBinding.dir/__/7zip/CPP/7zip/Archive/Common/OutStreamWithSha1.cpp.obj
[ 37%] Building CXX object jbinding-cpp/CMakeFiles/7-Zip-JBinding.dir/__/7zip/CPP/7zip/Archive/Common/ParseProperties.cpp.obj
[ 37%] Building CXX object jbinding-cpp/CMakeFiles/7-Zip-JBinding.dir/__/7zip/CPP/7zip/Archive/7z/7zCompressionMode.cpp.obj
[ 38%] Building CXX object jbinding-cpp/CMakeFiles/7-Zip-JBinding.dir/__/7zip/CPP/7zip/Archive/7z/7zDecode.cpp.obj
[ 38%] Building CXX object jbinding-cpp/CMakeFiles/7-Zip-JBinding.dir/__/7zip/CPP/7zip/Archive/7z/7zEncode.cpp.obj
[ 38%] Building CXX object jbinding-cpp/CMakeFiles/7-Zip-JBinding.dir/__/7zip/CPP/7zip/Archive/7z/7zExtract.cpp.obj
[ 39%] Building CXX object jbinding-cpp/CMakeFiles/7-Zip-JBinding.dir/__/7zip/CPP/7zip/Archive/7z/7zFolderInStream.cpp.obj
[ 39%] Building CXX object jbinding-cpp/CMakeFiles/7-Zip-JBinding.dir/__/7zip/CPP/7zip/Archive/7z/7zFolderOutStream.cpp.obj
[ 40%] Building CXX object jbinding-cpp/CMakeFiles/7-Zip-JBinding.dir/__/7zip/CPP/7zip/Archive/7z/7zHandler.cpp.obj
[ 40%] Building CXX object jbinding-cpp/CMakeFiles/7-Zip-JBinding.dir/__/7zip/CPP/7zip/Archive/7z/7zHandlerOut.cpp.obj
[ 40%] Building CXX object jbinding-cpp/CMakeFiles/7-Zip-JBinding.dir/__/7zip/CPP/7zip/Archive/7z/7zHeader.cpp.obj
[ 41%] Building CXX object jbinding-cpp/CMakeFiles/7-Zip-JBinding.dir/__/7zip/CPP/7zip/Archive/7z/7zIn.cpp.obj
[ 41%] Building CXX object jbinding-cpp/CMakeFiles/7-Zip-JBinding.dir/__/7zip/CPP/7zip/Archive/7z/7zOut.cpp.obj
[ 41%] Building CXX object jbinding-cpp/CMakeFiles/7-Zip-JBinding.dir/__/7zip/CPP/7zip/Archive/7z/7zProperties.cpp.obj
[ 42%] Building CXX object jbinding-cpp/CMakeFiles/7-Zip-JBinding.dir/__/7zip/CPP/7zip/Archive/7z/7zSpecStream.cpp.obj
[ 42%] Building CXX object jbinding-cpp/CMakeFiles/7-Zip-JBinding.dir/__/7zip/CPP/7zip/Archive/7z/7zUpdate.cpp.obj
[ 43%] Building CXX object jbinding-cpp/CMakeFiles/7-Zip-JBinding.dir/__/7zip/CPP/7zip/Archive/7z/7zRegister.cpp.obj
[ 43%] Building CXX object jbinding-cpp/CMakeFiles/7-Zip-JBinding.dir/__/7zip/CPP/7zip/Archive/Cab/CabBlockInStream.cpp.obj
[ 43%] Building CXX object jbinding-cpp/CMakeFiles/7-Zip-JBinding.dir/__/7zip/CPP/7zip/Archive/Cab/CabHandler.cpp.obj
[ 44%] Building CXX object jbinding-cpp/CMakeFiles/7-Zip-JBinding.dir/__/7zip/CPP/7zip/Archive/Cab/CabHeader.cpp.obj
[ 44%] Building CXX object jbinding-cpp/CMakeFiles/7-Zip-JBinding.dir/__/7zip/CPP/7zip/Archive/Cab/CabIn.cpp.obj
[ 45%] Building CXX object jbinding-cpp/CMakeFiles/7-Zip-JBinding.dir/__/7zip/CPP/7zip/Archive/Cab/CabRegister.cpp.obj
[ 45%] Building CXX object jbinding-cpp/CMakeFiles/7-Zip-JBinding.dir/__/7zip/CPP/7zip/Archive/LzhHandler.cpp.obj
[ 45%] Building CXX object jbinding-cpp/CMakeFiles/7-Zip-JBinding.dir/__/7zip/CPP/7zip/Compress/LzhDecoder.cpp.obj
[ 46%] Building CXX object jbinding-cpp/CMakeFiles/7-Zip-JBinding.dir/__/7zip/CPP/7zip/Compress/LzmsDecoder.cpp.obj
[ 46%] Building CXX object jbinding-cpp/CMakeFiles/7-Zip-JBinding.dir/__/7zip/CPP/7zip/Archive/Chm/ChmHandler.cpp.obj
[ 46%] Building CXX object jbinding-cpp/CMakeFiles/7-Zip-JBinding.dir/__/7zip/CPP/7zip/Archive/Chm/ChmIn.cpp.obj
[ 47%] Building CXX object jbinding-cpp/CMakeFiles/7-Zip-JBinding.dir/__/7zip/CPP/7zip/Archive/Udf/UdfHandler.cpp.obj
[ 47%] Building CXX object jbinding-cpp/CMakeFiles/7-Zip-JBinding.dir/__/7zip/CPP/7zip/Archive/Udf/UdfIn.cpp.obj
[ 48%] Building CXX object jbinding-cpp/CMakeFiles/7-Zip-JBinding.dir/__/7zip/CPP/7zip/Archive/Wim/WimHandler.cpp.obj
[ 48%] Building CXX object jbinding-cpp/CMakeFiles/7-Zip-JBinding.dir/__/7zip/CPP/7zip/Archive/Wim/WimHandlerOut.cpp.obj
[ 48%] Building CXX object jbinding-cpp/CMakeFiles/7-Zip-JBinding.dir/__/7zip/CPP/7zip/Archive/Wim/WimIn.cpp.obj
[ 49%] Building CXX object jbinding-cpp/CMakeFiles/7-Zip-JBinding.dir/__/7zip/CPP/7zip/Archive/Wim/WimRegister.cpp.obj
[ 49%] Building CXX object jbinding-cpp/CMakeFiles/7-Zip-JBinding.dir/__/7zip/CPP/7zip/Archive/ArHandler.cpp.obj
[ 50%] Building CXX object jbinding-cpp/CMakeFiles/7-Zip-JBinding.dir/__/7zip/CPP/7zip/Archive/RpmHandler.cpp.obj
[ 50%] Building CXX object jbinding-cpp/CMakeFiles/7-Zip-JBinding.dir/__/7zip/CPP/7zip/Archive/XarHandler.cpp.obj
[ 50%] Building CXX object jbinding-cpp/CMakeFiles/7-Zip-JBinding.dir/__/7zip/CPP/7zip/Archive/ArjHandler.cpp.obj
[ 51%] Building CXX object jbinding-cpp/CMakeFiles/7-Zip-JBinding.dir/__/7zip/CPP/7zip/Archive/CpioHandler.cpp.obj
[ 51%] Building CXX object jbinding-cpp/CMakeFiles/7-Zip-JBinding.dir/__/7zip/CPP/7zip/Archive/Iso/IsoHandler.cpp.obj
[ 51%] Building CXX object jbinding-cpp/CMakeFiles/7-Zip-JBinding.dir/__/7zip/CPP/7zip/Archive/Iso/IsoHeader.cpp.obj
[ 52%] Building CXX object jbinding-cpp/CMakeFiles/7-Zip-JBinding.dir/__/7zip/CPP/7zip/Archive/Iso/IsoIn.cpp.obj
[ 52%] Building CXX object jbinding-cpp/CMakeFiles/7-Zip-JBinding.dir/__/7zip/CPP/7zip/Archive/Iso/IsoRegister.cpp.obj
[ 53%] Building CXX object jbinding-cpp/CMakeFiles/7-Zip-JBinding.dir/__/7zip/CPP/7zip/Archive/Nsis/NsisDecode.cpp.obj
[ 53%] Building CXX object jbinding-cpp/CMakeFiles/7-Zip-JBinding.dir/__/7zip/CPP/7zip/Archive/Nsis/NsisHandler.cpp.obj
[ 53%] Building CXX object jbinding-cpp/CMakeFiles/7-Zip-JBinding.dir/__/7zip/CPP/7zip/Archive/Nsis/NsisIn.cpp.obj
[ 54%] Building CXX object jbinding-cpp/CMakeFiles/7-Zip-JBinding.dir/__/7zip/CPP/7zip/Archive/Nsis/NsisRegister.cpp.obj
[ 54%] Building CXX object jbinding-cpp/CMakeFiles/7-Zip-JBinding.dir/__/7zip/CPP/7zip/Archive/Rar/RarHandler.cpp.obj
[ 55%] Building CXX object jbinding-cpp/CMakeFiles/7-Zip-JBinding.dir/__/7zip/CPP/7zip/Archive/Rar/Rar5Handler.cpp.obj
[ 55%] Building CXX object jbinding-cpp/CMakeFiles/7-Zip-JBinding.dir/__/7zip/CPP/7zip/Archive/Tar/TarHandler.cpp.obj
[ 55%] Building CXX object jbinding-cpp/CMakeFiles/7-Zip-JBinding.dir/__/7zip/CPP/7zip/Archive/Tar/TarHandlerOut.cpp.obj
[ 56%] Building CXX object jbinding-cpp/CMakeFiles/7-Zip-JBinding.dir/__/7zip/CPP/7zip/Archive/Tar/TarHeader.cpp.obj
[ 56%] Building CXX object jbinding-cpp/CMakeFiles/7-Zip-JBinding.dir/__/7zip/CPP/7zip/Archive/Tar/TarIn.cpp.obj
[ 56%] Building CXX object jbinding-cpp/CMakeFiles/7-Zip-JBinding.dir/__/7zip/CPP/7zip/Archive/Tar/TarOut.cpp.obj
[ 57%] Building CXX object jbinding-cpp/CMakeFiles/7-Zip-JBinding.dir/__/7zip/CPP/7zip/Archive/Tar/TarRegister.cpp.obj
[ 57%] Building CXX object jbinding-cpp/CMakeFiles/7-Zip-JBinding.dir/__/7zip/CPP/7zip/Archive/Tar/TarUpdate.cpp.obj
[ 58%] Building CXX object jbinding-cpp/CMakeFiles/7-Zip-JBinding.dir/__/7zip/CPP/7zip/Archive/Zip/ZipAddCommon.cpp.obj
[ 58%] Building CXX object jbinding-cpp/CMakeFiles/7-Zip-JBinding.dir/__/7zip/CPP/7zip/Archive/Zip/ZipHandler.cpp.obj
[ 58%] Building CXX object jbinding-cpp/CMakeFiles/7-Zip-JBinding.dir/__/7zip/CPP/7zip/Archive/Zip/ZipHandlerOut.cpp.obj
[ 59%] Building CXX object jbinding-cpp/CMakeFiles/7-Zip-JBinding.dir/__/7zip/CPP/7zip/Archive/Zip/ZipIn.cpp.obj
[ 59%] Building CXX object jbinding-cpp/CMakeFiles/7-Zip-JBinding.dir/__/7zip/CPP/7zip/Archive/Zip/ZipItem.cpp.obj
[ 60%] Building CXX object jbinding-cpp/CMakeFiles/7-Zip-JBinding.dir/__/7zip/CPP/7zip/Archive/Zip/ZipOut.cpp.obj
[ 60%] Building CXX object jbinding-cpp/CMakeFiles/7-Zip-JBinding.dir/__/7zip/CPP/7zip/Archive/Zip/ZipUpdate.cpp.obj
[ 60%] Building CXX object jbinding-cpp/CMakeFiles/7-Zip-JBinding.dir/__/7zip/CPP/7zip/Archive/Zip/ZipRegister.cpp.obj
[ 61%] Building CXX object jbinding-cpp/CMakeFiles/7-Zip-JBinding.dir/__/7zip/CPP/7zip/Compress/Bcj2Coder.cpp.obj
[ 61%] Building CXX object jbinding-cpp/CMakeFiles/7-Zip-JBinding.dir/__/7zip/CPP/7zip/Compress/Bcj2Register.cpp.obj
[ 61%] Building CXX object jbinding-cpp/CMakeFiles/7-Zip-JBinding.dir/__/7zip/CPP/7zip/Compress/BcjCoder.cpp.obj
[ 62%] Building CXX object jbinding-cpp/CMakeFiles/7-Zip-JBinding.dir/__/7zip/CPP/7zip/Compress/BcjRegister.cpp.obj
[ 62%] Building CXX object jbinding-cpp/CMakeFiles/7-Zip-JBinding.dir/__/7zip/CPP/7zip/Compress/BitlDecoder.cpp.obj
[ 63%] Building CXX object jbinding-cpp/CMakeFiles/7-Zip-JBinding.dir/__/7zip/CPP/7zip/Compress/BranchMisc.cpp.obj
[ 63%] Building CXX object jbinding-cpp/CMakeFiles/7-Zip-JBinding.dir/__/7zip/CPP/7zip/Compress/BranchRegister.cpp.obj
[ 63%] Building CXX object jbinding-cpp/CMakeFiles/7-Zip-JBinding.dir/__/7zip/CPP/7zip/Compress/ByteSwap.cpp.obj
[ 64%] Building CXX object jbinding-cpp/CMakeFiles/7-Zip-JBinding.dir/__/7zip/CPP/7zip/Compress/BZip2Crc.cpp.obj
[ 64%] Building CXX object jbinding-cpp/CMakeFiles/7-Zip-JBinding.dir/__/7zip/CPP/7zip/Compress/BZip2Decoder.cpp.obj
[ 64%] Building CXX object jbinding-cpp/CMakeFiles/7-Zip-JBinding.dir/__/7zip/CPP/7zip/Compress/BZip2Encoder.cpp.obj
[ 65%] Building CXX object jbinding-cpp/CMakeFiles/7-Zip-JBinding.dir/__/7zip/CPP/7zip/Compress/BZip2Register.cpp.obj
[ 65%] Building CXX object jbinding-cpp/CMakeFiles/7-Zip-JBinding.dir/__/7zip/CPP/7zip/Compress/CopyCoder.cpp.obj
[ 66%] Building CXX object jbinding-cpp/CMakeFiles/7-Zip-JBinding.dir/__/7zip/CPP/7zip/Compress/CopyRegister.cpp.obj
[ 66%] Building CXX object jbinding-cpp/CMakeFiles/7-Zip-JBinding.dir/__/7zip/CPP/7zip/Compress/Deflate64Register.cpp.obj
[ 66%] Building CXX object jbinding-cpp/CMakeFiles/7-Zip-JBinding.dir/__/7zip/CPP/7zip/Compress/DeflateDecoder.cpp.obj
[ 67%] Building CXX object jbinding-cpp/CMakeFiles/7-Zip-JBinding.dir/__/7zip/CPP/7zip/Compress/DeflateEncoder.cpp.obj
[ 67%] Building CXX object jbinding-cpp/CMakeFiles/7-Zip-JBinding.dir/__/7zip/CPP/7zip/Compress/DeflateRegister.cpp.obj
[ 68%] Building CXX object jbinding-cpp/CMakeFiles/7-Zip-JBinding.dir/__/7zip/CPP/7zip/Compress/DeltaFilter.cpp.obj
[ 68%] Building CXX object jbinding-cpp/CMakeFiles/7-Zip-JBinding.dir/__/7zip/CPP/7zip/Compress/Lzma2Decoder.cpp.obj
[ 68%] Building CXX object jbinding-cpp/CMakeFiles/7-Zip-JBinding.dir/__/7zip/CPP/7zip/Compress/Lzma2Encoder.cpp.obj
[ 69%] Building CXX object jbinding-cpp/CMakeFiles/7-Zip-JBinding.dir/__/7zip/CPP/7zip/Compress/Lzma2Register.cpp.obj
[ 69%] Building CXX object jbinding-cpp/CMakeFiles/7-Zip-JBinding.dir/__/7zip/CPP/7zip/Compress/ImplodeDecoder.cpp.obj
[ 69%] Building CXX object jbinding-cpp/CMakeFiles/7-Zip-JBinding.dir/__/7zip/CPP/7zip/Compress/ImplodeHuffmanDecoder.cpp.obj
[ 70%] Building CXX object jbinding-cpp/CMakeFiles/7-Zip-JBinding.dir/__/7zip/CPP/7zip/Compress/LzmaDecoder.cpp.obj
[ 70%] Building CXX object jbinding-cpp/CMakeFiles/7-Zip-JBinding.dir/__/7zip/CPP/7zip/Compress/LzmaEncoder.cpp.obj
[ 71%] Building CXX object jbinding-cpp/CMakeFiles/7-Zip-JBinding.dir/__/7zip/CPP/7zip/Compress/LzmaRegister.cpp.obj
[ 71%] Building CXX object jbinding-cpp/CMakeFiles/7-Zip-JBinding.dir/__/7zip/CPP/7zip/Compress/LzOutWindow.cpp.obj
[ 71%] Building CXX object jbinding-cpp/CMakeFiles/7-Zip-JBinding.dir/__/7zip/CPP/7zip/Compress/LzxDecoder.cpp.obj
[ 72%] Building CXX object jbinding-cpp/CMakeFiles/7-Zip-JBinding.dir/__/7zip/CPP/7zip/Compress/PpmdDecoder.cpp.obj
[ 72%] Building CXX object jbinding-cpp/CMakeFiles/7-Zip-JBinding.dir/__/7zip/CPP/7zip/Compress/PpmdEncoder.cpp.obj
[ 73%] Building CXX object jbinding-cpp/CMakeFiles/7-Zip-JBinding.dir/__/7zip/CPP/7zip/Compress/PpmdRegister.cpp.obj
[ 73%] Building CXX object jbinding-cpp/CMakeFiles/7-Zip-JBinding.dir/__/7zip/CPP/7zip/Compress/PpmdZip.cpp.obj
[ 73%] Building CXX object jbinding-cpp/CMakeFiles/7-Zip-JBinding.dir/__/7zip/CPP/7zip/Compress/QuantumDecoder.cpp.obj
[ 74%] Building CXX object jbinding-cpp/CMakeFiles/7-Zip-JBinding.dir/__/7zip/CPP/7zip/Compress/Rar1Decoder.cpp.obj
[ 74%] Building CXX object jbinding-cpp/CMakeFiles/7-Zip-JBinding.dir/__/7zip/CPP/7zip/Compress/Rar2Decoder.cpp.obj
[ 74%] Building CXX object jbinding-cpp/CMakeFiles/7-Zip-JBinding.dir/__/7zip/CPP/7zip/Compress/Rar3Decoder.cpp.obj
[ 75%] Building CXX object jbinding-cpp/CMakeFiles/7-Zip-JBinding.dir/__/7zip/CPP/7zip/Compress/Rar3Vm.cpp.obj
[ 75%] Building CXX object jbinding-cpp/CMakeFiles/7-Zip-JBinding.dir/__/7zip/CPP/7zip/Compress/Rar5Decoder.cpp.obj
[ 76%] Building CXX object jbinding-cpp/CMakeFiles/7-Zip-JBinding.dir/__/7zip/CPP/7zip/Compress/RarCodecsRegister.cpp.obj
[ 76%] Building CXX object jbinding-cpp/CMakeFiles/7-Zip-JBinding.dir/__/7zip/CPP/7zip/Compress/ShrinkDecoder.cpp.obj
[ 76%] Building CXX object jbinding-cpp/CMakeFiles/7-Zip-JBinding.dir/__/7zip/CPP/7zip/Compress/ZDecoder.cpp.obj
[ 77%] Building CXX object jbinding-cpp/CMakeFiles/7-Zip-JBinding.dir/__/7zip/CPP/7zip/Compress/XpressDecoder.cpp.obj
[ 77%] Building CXX object jbinding-cpp/CMakeFiles/7-Zip-JBinding.dir/__/7zip/CPP/7zip/Compress/ZlibDecoder.cpp.obj
[ 78%] Building CXX object jbinding-cpp/CMakeFiles/7-Zip-JBinding.dir/__/7zip/CPP/7zip/Crypto/7zAes.cpp.obj
[ 78%] Building CXX object jbinding-cpp/CMakeFiles/7-Zip-JBinding.dir/__/7zip/CPP/7zip/Crypto/7zAesRegister.cpp.obj
[ 78%] Building CXX object jbinding-cpp/CMakeFiles/7-Zip-JBinding.dir/__/7zip/CPP/7zip/Crypto/HmacSha1.cpp.obj
[ 79%] Building CXX object jbinding-cpp/CMakeFiles/7-Zip-JBinding.dir/__/7zip/CPP/7zip/Crypto/HmacSha256.cpp.obj
[ 79%] Building CXX object jbinding-cpp/CMakeFiles/7-Zip-JBinding.dir/__/7zip/CPP/7zip/Crypto/MyAes.cpp.obj
[ 79%] Building CXX object jbinding-cpp/CMakeFiles/7-Zip-JBinding.dir/__/7zip/CPP/7zip/Crypto/Pbkdf2HmacSha1.cpp.obj
[ 80%] Building CXX object jbinding-cpp/CMakeFiles/7-Zip-JBinding.dir/__/7zip/CPP/7zip/Crypto/RandGen.cpp.obj
[ 80%] Building CXX object jbinding-cpp/CMakeFiles/7-Zip-JBinding.dir/__/7zip/CPP/7zip/Crypto/Rar20Crypto.cpp.obj
[ 81%] Building CXX object jbinding-cpp/CMakeFiles/7-Zip-JBinding.dir/__/7zip/CPP/7zip/Crypto/Rar5Aes.cpp.obj
[ 81%] Building CXX object jbinding-cpp/CMakeFiles/7-Zip-JBinding.dir/__/7zip/CPP/7zip/Crypto/RarAes.cpp.obj
[ 81%] Building CXX object jbinding-cpp/CMakeFiles/7-Zip-JBinding.dir/__/7zip/CPP/7zip/Crypto/WzAes.cpp.obj
[ 82%] Building CXX object jbinding-cpp/CMakeFiles/7-Zip-JBinding.dir/__/7zip/CPP/7zip/Crypto/ZipCrypto.cpp.obj
[ 82%] Building CXX object jbinding-cpp/CMakeFiles/7-Zip-JBinding.dir/__/7zip/CPP/7zip/Crypto/ZipStrong.cpp.obj
[ 82%] Building C object jbinding-cpp/CMakeFiles/7-Zip-JBinding.dir/__/7zip/C/Bcj2.c.obj
[ 83%] Building C object jbinding-cpp/CMakeFiles/7-Zip-JBinding.dir/__/7zip/C/Bcj2Enc.c.obj
[ 83%] Building C object jbinding-cpp/CMakeFiles/7-Zip-JBinding.dir/__/7zip/C/Blake2s.c.obj
[ 84%] Building C object jbinding-cpp/CMakeFiles/7-Zip-JBinding.dir/__/7zip/C/Bra.c.obj
[ 84%] Building C object jbinding-cpp/CMakeFiles/7-Zip-JBinding.dir/__/7zip/C/Bra86.c.obj
[ 84%] Building C object jbinding-cpp/CMakeFiles/7-Zip-JBinding.dir/__/7zip/C/BraIA64.c.obj
[ 85%] Building C object jbinding-cpp/CMakeFiles/7-Zip-JBinding.dir/__/7zip/C/BwtSort.c.obj
[ 85%] Building C object jbinding-cpp/CMakeFiles/7-Zip-JBinding.dir/__/7zip/C/CpuArch.c.obj
[ 86%] Building C object jbinding-cpp/CMakeFiles/7-Zip-JBinding.dir/__/7zip/C/HuffEnc.c.obj
[ 86%] Building C object jbinding-cpp/CMakeFiles/7-Zip-JBinding.dir/__/7zip/C/LzFind.c.obj
[ 86%] Building C object jbinding-cpp/CMakeFiles/7-Zip-JBinding.dir/__/7zip/C/LzFindMt.c.obj
[ 87%] Building C object jbinding-cpp/CMakeFiles/7-Zip-JBinding.dir/__/7zip/C/LzmaDec.c.obj
[ 87%] Building C object jbinding-cpp/CMakeFiles/7-Zip-JBinding.dir/__/7zip/C/LzmaEnc.c.obj
[ 87%] Building C object jbinding-cpp/CMakeFiles/7-Zip-JBinding.dir/__/7zip/C/Sort.c.obj
[ 88%] Building C object jbinding-cpp/CMakeFiles/7-Zip-JBinding.dir/__/7zip/C/Sha1.c.obj
[ 88%] Building C object jbinding-cpp/CMakeFiles/7-Zip-JBinding.dir/__/7zip/C/Threads.c.obj
[ 89%] Building C object jbinding-cpp/CMakeFiles/7-Zip-JBinding.dir/__/7zip/C/Aes.c.obj
[ 89%] Building C object jbinding-cpp/CMakeFiles/7-Zip-JBinding.dir/__/7zip/C/Alloc.c.obj
[ 89%] Building C object jbinding-cpp/CMakeFiles/7-Zip-JBinding.dir/__/7zip/C/Sha256.c.obj
[ 90%] Building C object jbinding-cpp/CMakeFiles/7-Zip-JBinding.dir/__/7zip/C/7zCrc.c.obj
[ 90%] Building C object jbinding-cpp/CMakeFiles/7-Zip-JBinding.dir/__/7zip/C/7zCrcOpt.c.obj
[ 91%] Building C object jbinding-cpp/CMakeFiles/7-Zip-JBinding.dir/__/7zip/C/7zStream.c.obj
[ 91%] Building C object jbinding-cpp/CMakeFiles/7-Zip-JBinding.dir/__/7zip/C/Delta.c.obj
[ 91%] Building C object jbinding-cpp/CMakeFiles/7-Zip-JBinding.dir/__/7zip/C/Lzma2Dec.c.obj
[ 92%] Building C object jbinding-cpp/CMakeFiles/7-Zip-JBinding.dir/__/7zip/C/Lzma2Enc.c.obj
[ 92%] Building C object jbinding-cpp/CMakeFiles/7-Zip-JBinding.dir/__/7zip/C/MtCoder.c.obj
[ 92%] Building C object jbinding-cpp/CMakeFiles/7-Zip-JBinding.dir/__/7zip/C/Ppmd7.c.obj
[ 93%] Building C object jbinding-cpp/CMakeFiles/7-Zip-JBinding.dir/__/7zip/C/Ppmd7Dec.c.obj
[ 93%] Building C object jbinding-cpp/CMakeFiles/7-Zip-JBinding.dir/__/7zip/C/Ppmd7Enc.c.obj
[ 94%] Building C object jbinding-cpp/CMakeFiles/7-Zip-JBinding.dir/__/7zip/C/Ppmd8.c.obj
[ 94%] Building C object jbinding-cpp/CMakeFiles/7-Zip-JBinding.dir/__/7zip/C/Ppmd8Dec.c.obj
[ 94%] Building C object jbinding-cpp/CMakeFiles/7-Zip-JBinding.dir/__/7zip/C/Ppmd8Enc.c.obj
[ 95%] Building C object jbinding-cpp/CMakeFiles/7-Zip-JBinding.dir/__/7zip/C/Xz.c.obj
[ 95%] Building C object jbinding-cpp/CMakeFiles/7-Zip-JBinding.dir/__/7zip/C/XzCrc64.c.obj
[ 96%] Building C object jbinding-cpp/CMakeFiles/7-Zip-JBinding.dir/__/7zip/C/XzCrc64Opt.c.obj
[ 96%] Building C object jbinding-cpp/CMakeFiles/7-Zip-JBinding.dir/__/7zip/C/XzDec.c.obj
[ 96%] Building C object jbinding-cpp/CMakeFiles/7-Zip-JBinding.dir/__/7zip/C/XzEnc.c.obj
[ 97%] Building C object jbinding-cpp/CMakeFiles/7-Zip-JBinding.dir/__/7zip/C/XzIn.c.obj
[ 97%] Building C object jbinding-cpp/CMakeFiles/7-Zip-JBinding.dir/__/7zip/C/AesOpt.c.obj
[ 97%] Building CXX object jbinding-cpp/CMakeFiles/7-Zip-JBinding.dir/__/7zip/CPP/Windows/FileLink.cpp.obj
[ 98%] Building CXX object jbinding-cpp/CMakeFiles/7-Zip-JBinding.dir/__/7zip/CPP/Common/NewHandler.cpp.obj
[ 98%] Linking CXX shared library lib7-Zip-JBinding.dll
[ 98%] Built target 7-Zip-JBinding
Scanning dependencies of target sevenzipjbinding-lib-jar
[ 99%] libraries
[ 99%] jar
[ 99%] Built target sevenzipjbinding-lib-jar
Scanning dependencies of target sevenzipjbinding-test-jar
[100%] test
Note: net/sf/sevenzipjbinding/junit/junittools/MyRunner.java uses or overrides a deprecated API.
Note: Recompile with -Xlint:deprecation for details.
[100%] target
[100%] Built target sevenzipjbinding-test-jar
   Site: BORIS-PC
   Build name: Win32-mingw32-make
Create new tag: 20161022-0442 - Experimental
Configure project
   Each . represents 1024 bytes of output
    .. Size of output: 1K
Build project
   Each symbol represents 1024 bytes of output.
   '!' represents an error and '*' a warning.
    . Size of output: 0K
   0 Compiler errors
   0 Compiler warnings
Test project D:/Coding/SevenZipJBinding/SevenZipJBinding.Release64
      Start  1: JUnit-common
 1/17 Test  #1: JUnit-common ........................   Passed    1.68 sec
      Start  2: JUnit-common-no-privileged-init
 2/17 Test  #2: JUnit-common-no-privileged-init .....   Passed    0.70 sec
      Start  3: JUnit-init-std-1
 3/17 Test  #3: JUnit-init-std-1 ....................   Passed    0.51 sec
      Start  4: JUnit-init-std-2
 4/17 Test  #4: JUnit-init-std-2 ....................   Passed    0.33 sec
      Start  5: JUnit-init-verify-1
 5/17 Test  #5: JUnit-init-verify-1 .................   Passed    0.44 sec
      Start  6: JUnit-init-verify-2
 6/17 Test  #6: JUnit-init-verify-2 .................   Passed    0.44 sec
      Start  7: JUnit-tools
 7/17 Test  #7: JUnit-tools .........................   Passed    2.54 sec
      Start  8: JUnit-snippets
 8/17 Test  #8: JUnit-snippets ......................   Passed    0.89 sec
      Start  9: JUnit-snippets-no-privileged-init
 9/17 Test  #9: JUnit-snippets-no-privileged-init ...   Passed    1.03 sec
      Start 10: JUnit-encoding-utf-8
10/17 Test #10: JUnit-encoding-utf-8 ................   Passed    0.50 sec
      Start 11: JUnit-encoding-cp1252
11/17 Test #11: JUnit-encoding-cp1252 ...............   Passed    0.50 sec
      Start 12: JUnit-encoding-cp1251
12/17 Test #12: JUnit-encoding-cp1251 ...............   Passed    0.51 sec
      Start 13: JUnit-bug-reports
13/17 Test #13: JUnit-bug-reports ...................   Passed    0.75 sec
      Start 14: JUnit-single-file-extraction
14/17 Test #14: JUnit-single-file-extraction ........   Passed  409.04 sec
      Start 15: JUnit-multiple-files-extraction
15/17 Test #15: JUnit-multiple-files-extraction .....   Passed  480.90 sec
      Start 16: JUnit-compression
16/17 Test #16: JUnit-compression ...................   Passed  1373.70 sec
      Start 17: JUnit-badarchive
17/17 Test #17: JUnit-badarchive ....................   Passed    8.56 sec

100% tests passed, 0 tests failed out of 17

Total Test time (real) = 2283.16 sec
Performing coverage
 Cannot find any coverage files. Ignoring Coverage request.
Submit files (using http)
   Using HTTP submit method
   Drop site:http://my.cdash.org/submit.php?project=7-Zip-JBinding
   Uploaded: D:/Coding/SevenZipJBinding/SevenZipJBinding.Release64/Testing/20161022-0442/Build.xml
   Uploaded: D:/Coding/SevenZipJBinding/SevenZipJBinding.Release64/Testing/20161022-0442/Configure.xml
   Uploaded: D:/Coding/SevenZipJBinding/SevenZipJBinding.Release64/Testing/20161022-0442/Test.xml
   Submission successful
[  1%] target
[  1%] Built target sevenzipjbinding-jar
[  1%] javah: generating h-files from java classes net.sf.sevenzipjbinding.SevenZip;net.sf.sevenzipjbinding.impl.InArchiveImpl;net.sf.sevenzipjbinding.impl.OutArchiveImpl
[ 98%] Built target 7-Zip-JBinding
[ 99%] Built target sevenzipjbinding-lib-jar
[ 99%] target
[100%] Built target sevenzipjbinding-test-jar
Run CPack packaging tool...
CPack: Create package using ZIP
CPack: Install projects
CPack: - Run preinstall target for: SevenZipJBinding
CPack: - Install project: SevenZipJBinding
Copy static resource: D:/Coding/SevenZipJBinding/SevenZipJBinding/doc/web.components/logo-big.png
Copy static resource: D:/Coding/SevenZipJBinding/SevenZipJBinding/doc/web.components/logo-small.png
Copy static resource: D:/Coding/SevenZipJBinding/SevenZipJBinding/doc/web.components/overview.png
Copy static resource: D:/Coding/SevenZipJBinding/SevenZipJBinding/doc/web.components/styles.css
Found snippet: CompressArchiveStructure
Found snippet: CompressGeneric
CMake Warning (dev) at build_html.cmake:212 (WHILE):
  Policy CMP0054 is not set: Only interpret if() arguments as variables or
  keywords when unquoted.  Run "cmake --help-policy CMP0054" for policy
  details.  Use the cmake_policy command to set the policy and suppress this
  warning.

  Quoted variables like "I" will no longer be dereferenced when the policy is
  set to NEW.  Since the policy is not set the OLD behavior will be used.
Call Stack (most recent call first):
  build_html.cmake:250 (ADJUST_PADDING)
  build_html.cmake:376 (PROCESS_SNIPPET)
This warning is for project developers.  Use -Wno-dev to suppress it.

Found output block: CompressGenericNoParameter
Found output block: CompressGeneric7z
Found output block: CompressGenericZip
Found output block: CompressGenericTar
Found output block: CompressGenericGZip
Found output block: CompressGenericBZip2
Found snippet: CompressMessage
Found output block: CompressMessage
Found snippet: CompressNonGeneric7z
Found output block: CompressNonGeneric7z
Found snippet: CompressNonGenericBZip2
Found output block: CompressNonGenericBZip2
Found snippet: CompressNonGenericGZip
Found output block: CompressNonGenericGZip
Found snippet: CompressNonGenericTar
Found output block: CompressNonGenericTar
Found snippet: CompressNonGenericZip
Found output block: CompressNonGenericZip
Found snippet: CompressWithError
Found output block: CompressWithError
Found output block: CompressWithErrorErr
Found snippet: ExtractItemsSimple
Found snippet: ExtractItemsStandard
Found snippet: ExtractItemsStandardCallback
Found output block: ExtractItems
Found snippet: SimpleOpen
Found snippet: GetNumberOfItemsInArchive
Found snippet: ListItemsSimple
Found snippet: ListItemsStandard
Found output block: ListItemsOutput
Found snippet: OpenMultipartArchive7z
Found output block: OpenMultipart7zArchiveOutput
Found snippet: OpenMultipartArchiveRar
Found output block: OpenMultipartRarArchiveOutput
Found snippet: PrintCountOfItems
Found output block: PrintCountOfItems
Found snippet: SevenZipJBindingInitCheck
Found output block: SevenZipJBindingInitCheck
Found snippet: UpdateAddRemoveItems
Found output block: UpdateAddRemoveItems
Found snippet: UpdateAlterItems
Found output block: UpdateAlterItems
Processing HMTL: index.html
- including snippet: GetNumberOfItemsInArchive
Processing HMTL: compression_snippets.html
- including snippet: CompressArchiveStructure
- including snippet: CompressNonGenericZip
- including output: CompressNonGenericZip
- including snippet: CompressNonGeneric7z
- including snippet: CompressNonGenericTar
- including snippet: CompressNonGenericGZip
- including snippet: CompressNonGenericBZip2
- including snippet: CompressGeneric
- including raw output: CompressGeneric7z
- including raw output: CompressGenericZip
- including raw output: CompressGenericTar
- including raw output: CompressGenericGZip
- including raw output: CompressGenericBZip2
- including snippet: UpdateAlterItems
- including output: UpdateAlterItems
- including snippet: UpdateAddRemoveItems
- including output: UpdateAlterItems
- including snippet: CompressWithError
- including output: CompressWithErrorErr
- including output: CompressWithError
Processing HMTL: extraction_snippets.html
- including snippet: ListItemsSimple
- including output: ListItemsOutput
- including snippet: ListItemsStandard
- including output: ListItemsOutput
- including snippet: ExtractItemsSimple
- including output: ExtractItems
- including snippet: ExtractItemsStandardCallback
- including snippet: ExtractItemsStandard
- including snippet: OpenMultipartArchive7z
- including output: OpenMultipart7zArchiveOutput
- including snippet: OpenMultipartArchiveRar
- including output: OpenMultipartRarArchiveOutput
Processing HMTL: first_steps.html
- including snippet: SevenZipJBindingInitCheck
- including output: SevenZipJBindingInitCheck
- including snippet: SimpleOpen
- including snippet: PrintCountOfItems
- including output: PrintCountOfItems
- including snippet: CompressMessage
- including output: CompressMessage
CPack: Create package
CPack: - package: D:/Coding/SevenZipJBinding/SevenZipJBinding.Release64/sevenzipjbinding-15.09-2.01beta-Windows-amd64.zip generated.
